{"/home/admin/Pessoal/CodeInProgress/listas-exercicio-tqsw-01/Lista14/ex002/src/app.js": {"path":"/home/admin/Pessoal/CodeInProgress/listas-exercicio-tqsw-01/Lista14/ex002/src/app.js","statementMap":{"0":{"start":{"line":1,"column":16},"end":{"line":1,"column":34}},"1":{"start":{"line":2,"column":13},"end":{"line":2,"column":28}},"2":{"start":{"line":3,"column":22},"end":{"line":3,"column":58}},"3":{"start":{"line":5,"column":20},"end":{"line":7,"column":1}},"4":{"start":{"line":9,"column":12},"end":{"line":9,"column":21}},"5":{"start":{"line":10,"column":0},"end":{"line":10,"column":16}},"6":{"start":{"line":11,"column":0},"end":{"line":11,"column":24}},"7":{"start":{"line":14,"column":0},"end":{"line":14,"column":28}},"8":{"start":{"line":17,"column":21},"end":{"line":26,"column":1}},"9":{"start":{"line":18,"column":2},"end":{"line":25,"column":4}},"10":{"start":{"line":19,"column":4},"end":{"line":24,"column":9}},"11":{"start":{"line":28,"column":0},"end":{"line":28,"column":24}},"12":{"start":{"line":30,"column":0},"end":{"line":30,"column":21}}},"fnMap":{"0":{"name":"(anonymous_0)","decl":{"start":{"line":17,"column":21},"end":{"line":17,"column":22}},"loc":{"start":{"line":17,"column":27},"end":{"line":26,"column":1}},"line":17},"1":{"name":"(anonymous_1)","decl":{"start":{"line":18,"column":9},"end":{"line":18,"column":10}},"loc":{"start":{"line":18,"column":34},"end":{"line":25,"column":3}},"line":18}},"branchMap":{"0":{"loc":{"start":{"line":20,"column":14},"end":{"line":20,"column":65}},"type":"binary-expr","locations":[{"start":{"line":20,"column":14},"end":{"line":20,"column":28}},{"start":{"line":20,"column":32},"end":{"line":20,"column":65}}],"line":20},"1":{"loc":{"start":{"line":23,"column":20},"end":{"line":23,"column":71}},"type":"binary-expr","locations":[{"start":{"line":23,"column":20},"end":{"line":23,"column":34}},{"start":{"line":23,"column":38},"end":{"line":23,"column":71}}],"line":23}},"s":{"0":1,"1":1,"2":1,"3":1,"4":1,"5":1,"6":1,"7":1,"8":1,"9":1,"10":0,"11":1,"12":1},"f":{"0":1,"1":0},"b":{"0":[0,0],"1":[0,0]},"inputSourceMap":null,"_coverageSchema":"1a1c01bbd47fc00a2c39e90264f33305004495a9","hash":"0d5e1e7fd89ceb3f43acc0ce1011adc17ae0491f"}
,"/home/admin/Pessoal/CodeInProgress/listas-exercicio-tqsw-01/Lista14/ex002/src/modules/products/controller.js": {"path":"/home/admin/Pessoal/CodeInProgress/listas-exercicio-tqsw-01/Lista14/ex002/src/modules/products/controller.js","statementMap":{"0":{"start":{"line":1,"column":10},"end":{"line":1,"column":27}},"1":{"start":{"line":2,"column":41},"end":{"line":2,"column":61}},"2":{"start":{"line":4,"column":20},"end":{"line":7,"column":1}},"3":{"start":{"line":9,"column":20},"end":{"line":16,"column":1}},"4":{"start":{"line":10,"column":2},"end":{"line":15,"column":3}},"5":{"start":{"line":11,"column":19},"end":{"line":11,"column":42}},"6":{"start":{"line":12,"column":4},"end":{"line":12,"column":33}},"7":{"start":{"line":14,"column":4},"end":{"line":14,"column":49}},"8":{"start":{"line":18,"column":22},"end":{"line":32,"column":1}},"9":{"start":{"line":19,"column":17},"end":{"line":19,"column":25}},"10":{"start":{"line":20,"column":2},"end":{"line":31,"column":3}},"11":{"start":{"line":21,"column":16},"end":{"line":21,"column":52}},"12":{"start":{"line":22,"column":4},"end":{"line":22,"column":45}},"13":{"start":{"line":23,"column":4},"end":{"line":23,"column":30}},"14":{"start":{"line":25,"column":4},"end":{"line":30,"column":5}},"15":{"start":{"line":26,"column":21},"end":{"line":26,"column":46}},"16":{"start":{"line":27,"column":6},"end":{"line":27,"column":35}},"17":{"start":{"line":29,"column":6},"end":{"line":29,"column":16}},"18":{"start":{"line":34,"column":0},"end":{"line":37,"column":2}}},"fnMap":{"0":{"name":"(anonymous_0)","decl":{"start":{"line":9,"column":20},"end":{"line":9,"column":21}},"loc":{"start":{"line":9,"column":40},"end":{"line":16,"column":1}},"line":9},"1":{"name":"(anonymous_1)","decl":{"start":{"line":18,"column":22},"end":{"line":18,"column":23}},"loc":{"start":{"line":18,"column":48},"end":{"line":32,"column":1}},"line":18}},"branchMap":{"0":{"loc":{"start":{"line":20,"column":2},"end":{"line":31,"column":3}},"type":"if","locations":[{"start":{"line":20,"column":2},"end":{"line":31,"column":3}},{"start":{"line":24,"column":9},"end":{"line":31,"column":3}}],"line":20}},"s":{"0":1,"1":1,"2":1,"3":1,"4":1,"5":1,"6":1,"7":0,"8":1,"9":1,"10":1,"11":0,"12":0,"13":0,"14":1,"15":1,"16":1,"17":0,"18":1},"f":{"0":1,"1":1},"b":{"0":[0,1]},"inputSourceMap":null,"_coverageSchema":"1a1c01bbd47fc00a2c39e90264f33305004495a9","hash":"eb57d6e76e191b00e68d7781d77eef5ed71dc985"}
,"/home/admin/Pessoal/CodeInProgress/listas-exercicio-tqsw-01/Lista14/ex002/src/modules/products/dao.js": {"path":"/home/admin/Pessoal/CodeInProgress/listas-exercicio-tqsw-01/Lista14/ex002/src/modules/products/dao.js","statementMap":{"0":{"start":{"line":1,"column":24},"end":{"line":1,"column":42}},"1":{"start":{"line":5,"column":16},"end":{"line":15,"column":1}},"2":{"start":{"line":6,"column":14},"end":{"line":6,"column":63}},"3":{"start":{"line":7,"column":17},"end":{"line":7,"column":46}},"4":{"start":{"line":8,"column":22},"end":{"line":8,"column":42}},"5":{"start":{"line":9,"column":2},"end":{"line":14,"column":5}},"6":{"start":{"line":10,"column":4},"end":{"line":10,"column":26}},"7":{"start":{"line":11,"column":4},"end":{"line":11,"column":32}},"8":{"start":{"line":12,"column":4},"end":{"line":12,"column":16}},"9":{"start":{"line":13,"column":4},"end":{"line":13,"column":84}},"10":{"start":{"line":17,"column":20},"end":{"line":17,"column":28}},"11":{"start":{"line":17,"column":26},"end":{"line":17,"column":28}},"12":{"start":{"line":19,"column":25},"end":{"line":21,"column":1}},"13":{"start":{"line":23,"column":26},"end":{"line":30,"column":1}},"14":{"start":{"line":24,"column":19},"end":{"line":28,"column":14}},"15":{"start":{"line":29,"column":2},"end":{"line":29,"column":22}},"16":{"start":{"line":32,"column":24},"end":{"line":36,"column":1}},"17":{"start":{"line":33,"column":17},"end":{"line":33,"column":79}},"18":{"start":{"line":34,"column":2},"end":{"line":34,"column":42}},"19":{"start":{"line":35,"column":2},"end":{"line":35,"column":26}},"20":{"start":{"line":38,"column":0},"end":{"line":44,"column":2}}},"fnMap":{"0":{"name":"(anonymous_0)","decl":{"start":{"line":5,"column":16},"end":{"line":5,"column":17}},"loc":{"start":{"line":5,"column":28},"end":{"line":15,"column":1}},"line":5},"1":{"name":"(anonymous_1)","decl":{"start":{"line":9,"column":21},"end":{"line":9,"column":22}},"loc":{"start":{"line":9,"column":34},"end":{"line":14,"column":3}},"line":9},"2":{"name":"(anonymous_2)","decl":{"start":{"line":17,"column":20},"end":{"line":17,"column":21}},"loc":{"start":{"line":17,"column":26},"end":{"line":17,"column":28}},"line":17},"3":{"name":"(anonymous_3)","decl":{"start":{"line":23,"column":26},"end":{"line":23,"column":27}},"loc":{"start":{"line":23,"column":38},"end":{"line":30,"column":1}},"line":23},"4":{"name":"(anonymous_4)","decl":{"start":{"line":32,"column":24},"end":{"line":32,"column":25}},"loc":{"start":{"line":32,"column":40},"end":{"line":36,"column":1}},"line":32}},"branchMap":{"0":{"loc":{"start":{"line":6,"column":14},"end":{"line":6,"column":63}},"type":"binary-expr","locations":[{"start":{"line":6,"column":14},"end":{"line":6,"column":32}},{"start":{"line":6,"column":36},"end":{"line":6,"column":63}}],"line":6},"1":{"loc":{"start":{"line":7,"column":17},"end":{"line":7,"column":46}},"type":"binary-expr","locations":[{"start":{"line":7,"column":17},"end":{"line":7,"column":36}},{"start":{"line":7,"column":40},"end":{"line":7,"column":46}}],"line":7}},"s":{"0":2,"1":2,"2":2,"3":2,"4":2,"5":2,"6":2,"7":2,"8":2,"9":2,"10":2,"11":0,"12":2,"13":2,"14":3,"15":3,"16":2,"17":8,"18":8,"19":8,"20":2},"f":{"0":2,"1":2,"2":0,"3":3,"4":8},"b":{"0":[2,0],"1":[2,2]},"inputSourceMap":null,"_coverageSchema":"1a1c01bbd47fc00a2c39e90264f33305004495a9","hash":"8131271c185cd8a9d961d13f8a7b0dcfb68a3e64"}
,"/home/admin/Pessoal/CodeInProgress/listas-exercicio-tqsw-01/Lista14/ex002/src/modules/products/routes.js": {"path":"/home/admin/Pessoal/CodeInProgress/listas-exercicio-tqsw-01/Lista14/ex002/src/modules/products/routes.js","statementMap":{"0":{"start":{"line":1,"column":16},"end":{"line":1,"column":34}},"1":{"start":{"line":2,"column":15},"end":{"line":2,"column":31}},"2":{"start":{"line":3,"column":39},"end":{"line":3,"column":62}},"3":{"start":{"line":5,"column":0},"end":{"line":5,"column":37}},"4":{"start":{"line":6,"column":0},"end":{"line":6,"column":40}},"5":{"start":{"line":8,"column":0},"end":{"line":8,"column":24}}},"fnMap":{},"branchMap":{},"s":{"0":1,"1":1,"2":1,"3":1,"4":1,"5":1},"f":{},"b":{},"inputSourceMap":null,"_coverageSchema":"1a1c01bbd47fc00a2c39e90264f33305004495a9","hash":"dfca23c4a4b7a8d7a38da3dc21054d304292a05d"}
,"/home/admin/Pessoal/CodeInProgress/listas-exercicio-tqsw-01/Lista14/ex002/src/modules/products/service.js": {"path":"/home/admin/Pessoal/CodeInProgress/listas-exercicio-tqsw-01/Lista14/ex002/src/modules/products/service.js","statementMap":{"0":{"start":{"line":1,"column":12},"end":{"line":1,"column":26}},"1":{"start":{"line":2,"column":47},"end":{"line":2,"column":63}},"2":{"start":{"line":4,"column":22},"end":{"line":7,"column":2}},"3":{"start":{"line":9,"column":23},"end":{"line":11,"column":1}},"4":{"start":{"line":10,"column":2},"end":{"line":10,"column":38}},"5":{"start":{"line":13,"column":24},"end":{"line":19,"column":1}},"6":{"start":{"line":14,"column":2},"end":{"line":18,"column":3}},"7":{"start":{"line":15,"column":4},"end":{"line":15,"column":37}},"8":{"start":{"line":17,"column":4},"end":{"line":17,"column":12}},"9":{"start":{"line":21,"column":20},"end":{"line":28,"column":1}},"10":{"start":{"line":22,"column":2},"end":{"line":27,"column":3}},"11":{"start":{"line":23,"column":4},"end":{"line":23,"column":48}},"12":{"start":{"line":24,"column":4},"end":{"line":24,"column":41}},"13":{"start":{"line":26,"column":4},"end":{"line":26,"column":12}},"14":{"start":{"line":30,"column":0},"end":{"line":35,"column":2}}},"fnMap":{"0":{"name":"(anonymous_0)","decl":{"start":{"line":9,"column":23},"end":{"line":9,"column":24}},"loc":{"start":{"line":9,"column":49},"end":{"line":11,"column":1}},"line":9},"1":{"name":"(anonymous_1)","decl":{"start":{"line":13,"column":24},"end":{"line":13,"column":25}},"loc":{"start":{"line":13,"column":36},"end":{"line":19,"column":1}},"line":13},"2":{"name":"(anonymous_2)","decl":{"start":{"line":21,"column":20},"end":{"line":21,"column":21}},"loc":{"start":{"line":21,"column":38},"end":{"line":28,"column":1}},"line":21}},"branchMap":{},"s":{"0":1,"1":1,"2":1,"3":1,"4":1,"5":1,"6":1,"7":1,"8":0,"9":1,"10":1,"11":1,"12":1,"13":0,"14":1},"f":{"0":1,"1":1,"2":1},"b":{},"inputSourceMap":null,"_coverageSchema":"1a1c01bbd47fc00a2c39e90264f33305004495a9","hash":"2effbae736f6a5327ef1e03fedb0ad0113e97efd"}
,"/home/admin/Pessoal/CodeInProgress/listas-exercicio-tqsw-01/Lista14/ex002/test/environment/setup.js": {"path":"/home/admin/Pessoal/CodeInProgress/listas-exercicio-tqsw-01/Lista14/ex002/test/environment/setup.js","statementMap":{"0":{"start":{"line":1,"column":29},"end":{"line":1,"column":54}},"1":{"start":{"line":3,"column":29},"end":{"line":18,"column":1}},"2":{"start":{"line":4,"column":14},"end":{"line":7,"column":3}},"3":{"start":{"line":8,"column":2},"end":{"line":16,"column":3}},"4":{"start":{"line":9,"column":4},"end":{"line":11,"column":15}},"5":{"start":{"line":12,"column":4},"end":{"line":12,"column":79}},"6":{"start":{"line":14,"column":4},"end":{"line":14,"column":69}},"7":{"start":{"line":15,"column":4},"end":{"line":15,"column":25}},"8":{"start":{"line":17,"column":2},"end":{"line":17,"column":13}},"9":{"start":{"line":20,"column":24},"end":{"line":27,"column":1}},"10":{"start":{"line":21,"column":2},"end":{"line":25,"column":3}},"11":{"start":{"line":22,"column":4},"end":{"line":24,"column":13}},"12":{"start":{"line":23,"column":6},"end":{"line":23,"column":29}},"13":{"start":{"line":26,"column":2},"end":{"line":26,"column":28}},"14":{"start":{"line":29,"column":0},"end":{"line":32,"column":1}}},"fnMap":{"0":{"name":"(anonymous_0)","decl":{"start":{"line":3,"column":29},"end":{"line":3,"column":30}},"loc":{"start":{"line":3,"column":41},"end":{"line":18,"column":1}},"line":3},"1":{"name":"(anonymous_1)","decl":{"start":{"line":20,"column":24},"end":{"line":20,"column":25}},"loc":{"start":{"line":20,"column":45},"end":{"line":27,"column":1}},"line":20},"2":{"name":"(anonymous_2)","decl":{"start":{"line":22,"column":15},"end":{"line":22,"column":16}},"loc":{"start":{"line":22,"column":27},"end":{"line":24,"column":5}},"line":22}},"branchMap":{"0":{"loc":{"start":{"line":21,"column":2},"end":{"line":25,"column":3}},"type":"if","locations":[{"start":{"line":21,"column":2},"end":{"line":25,"column":3}},{"start":{},"end":{}}],"line":21}},"s":{"0":2,"1":2,"2":2,"3":2,"4":2,"5":2,"6":0,"7":0,"8":2,"9":2,"10":2,"11":2,"12":0,"13":2,"14":2},"f":{"0":2,"1":2,"2":0},"b":{"0":[2,0]},"inputSourceMap":null,"_coverageSchema":"1a1c01bbd47fc00a2c39e90264f33305004495a9","hash":"80c0bbc95274429d4be7c941c8c6d7bfa0ca4f98"}
,"/home/admin/Pessoal/CodeInProgress/listas-exercicio-tqsw-01/Lista14/ex002/test/mocks/products.js": {"path":"/home/admin/Pessoal/CodeInProgress/listas-exercicio-tqsw-01/Lista14/ex002/test/mocks/products.js","statementMap":{"0":{"start":{"line":1,"column":26},"end":{"line":5,"column":1}},"1":{"start":{"line":7,"column":26},"end":{"line":7,"column":56}},"2":{"start":{"line":8,"column":20},"end":{"line":8,"column":56}},"3":{"start":{"line":10,"column":0},"end":{"line":14,"column":2}}},"fnMap":{},"branchMap":{},"s":{"0":2,"1":2,"2":2,"3":2},"f":{},"b":{},"inputSourceMap":null,"_coverageSchema":"1a1c01bbd47fc00a2c39e90264f33305004495a9","hash":"55604d925dfacdbc5b4f906bb601383d9b8320be"}
}
