<?xml version="1.0" encoding="UTF-8"?>
<testsuite xmlns:xsi="http://www.w3.org/2001/XMLSchema-instance" xsi:noNamespaceSchemaLocation="https://maven.apache.org/surefire/maven-surefire-plugin/xsd/surefire-test-report.xsd" version="3.0.2" name="com.example.UserServiceTest" time="0.028" tests="6" errors="3" skipped="0" failures="0">
  <properties>
[...]
</properties>
  <testcase name="testAddUserSpy" classname="com.example.UserServiceTest" time="0.008"/>
  <testcase name="testGetUserById" classname="com.example.UserServiceTest" time="0.013"/>
  <testcase name="testAddUserArgumentCaptor" classname="com.example.UserServiceTest" time="0.003"/>
  <testcase name="" classname="Test mechanism" time="0.009">
    <error message="Unable to make protected native java.lang.Object java.lang.Object.clone() throws java.lang.CloneNotSupportedException accessible: module java.base does not &quot;opens java.lang&quot; to unnamed module @6bf256fa" type="java.lang.reflect.InaccessibleObjectException"><![CDATA[java.lang.reflect.InaccessibleObjectException: Unable to make protected native java.lang.Object java.lang.Object.clone() throws java.lang.CloneNotSupportedException accessible: module java.base does not "opens java.lang" to unnamed module @6bf256fa
	at java.base/java.lang.reflect.AccessibleObject.checkCanSetAccessible(AccessibleObject.java:354)
	at java.base/java.lang.reflect.AccessibleObject.checkCanSetAccessible(AccessibleObject.java:297)
	at java.base/java.lang.reflect.Method.checkCanSetAccessible(Method.java:199)
	at java.base/java.lang.reflect.Method.setAccessible(Method.java:193)
	at org.powermock.reflect.internal.WhiteboxImpl.doGetAllMethods(WhiteboxImpl.java:1508)
	at org.powermock.reflect.internal.WhiteboxImpl.getAllMethods(WhiteboxImpl.java:1482)
	at org.powermock.reflect.internal.WhiteboxImpl.findMethodOrThrowException(WhiteboxImpl.java:862)
	at org.powermock.reflect.internal.WhiteboxImpl.doInvokeMethod(WhiteboxImpl.java:822)
	at org.powermock.reflect.internal.WhiteboxImpl.invokeMethod(WhiteboxImpl.java:805)
	at org.powermock.reflect.Whitebox.invokeMethod(Whitebox.java:466)
	at org.powermock.modules.junit4.common.internal.impl.PowerMockJUnit4RunListener.testFinished(PowerMockJUnit4RunListener.java:55)
	at org.junit.runner.notification.SynchronizedRunListener.testFinished(SynchronizedRunListener.java:87)
	at org.junit.runner.notification.RunNotifier$9.notifyListener(RunNotifier.java:225)
	at org.junit.runner.notification.RunNotifier$SafeNotifier.run(RunNotifier.java:72)
	at org.junit.runner.notification.RunNotifier.fireTestFinished(RunNotifier.java:222)
	at org.junit.internal.runners.model.EachTestNotifier.fireTestFinished(EachTestNotifier.java:38)
	at org.junit.runners.ParentRunner.runLeaf(ParentRunner.java:372)
	at org.junit.runners.BlockJUnit4ClassRunner.runChild(BlockJUnit4ClassRunner.java:103)
	at org.junit.runners.BlockJUnit4ClassRunner.runChild(BlockJUnit4ClassRunner.java:63)
	at org.junit.runners.ParentRunner$4.run(ParentRunner.java:331)
	at org.junit.runners.ParentRunner$1.schedule(ParentRunner.java:79)
	at org.junit.runners.ParentRunner.runChildren(ParentRunner.java:329)
	at org.junit.runners.ParentRunner.access$100(ParentRunner.java:66)
	at org.junit.runners.ParentRunner$2.evaluate(ParentRunner.java:293)
	at org.junit.runners.ParentRunner$3.evaluate(ParentRunner.java:306)
	at org.junit.runners.ParentRunner.run(ParentRunner.java:413)
	at org.apache.maven.surefire.junit4.JUnit4Provider.execute(JUnit4Provider.java:316)
	at org.apache.maven.surefire.junit4.JUnit4Provider.executeWithRerun(JUnit4Provider.java:240)
	at org.apache.maven.surefire.junit4.JUnit4Provider.executeTestSet(JUnit4Provider.java:214)
	at org.apache.maven.surefire.junit4.JUnit4Provider.invoke(JUnit4Provider.java:155)
	at org.apache.maven.surefire.booter.ForkedBooter.runSuitesInProcess(ForkedBooter.java:385)
	at org.apache.maven.surefire.booter.ForkedBooter.execute(ForkedBooter.java:162)
	at org.apache.maven.surefire.booter.ForkedBooter.run(ForkedBooter.java:507)
	at org.apache.maven.surefire.booter.ForkedBooter.main(ForkedBooter.java:495)
]]></error>
  </testcase>
  <testcase name="" classname="Test mechanism" time="0.014">
    <error message="Unable to make protected native java.lang.Object java.lang.Object.clone() throws java.lang.CloneNotSupportedException accessible: module java.base does not &quot;opens java.lang&quot; to unnamed module @6bf256fa" type="java.lang.reflect.InaccessibleObjectException"><![CDATA[java.lang.reflect.InaccessibleObjectException: Unable to make protected native java.lang.Object java.lang.Object.clone() throws java.lang.CloneNotSupportedException accessible: module java.base does not "opens java.lang" to unnamed module @6bf256fa
	at java.base/java.lang.reflect.AccessibleObject.checkCanSetAccessible(AccessibleObject.java:354)
	at java.base/java.lang.reflect.AccessibleObject.checkCanSetAccessible(AccessibleObject.java:297)
	at java.base/java.lang.reflect.Method.checkCanSetAccessible(Method.java:199)
	at java.base/java.lang.reflect.Method.setAccessible(Method.java:193)
	at org.powermock.reflect.internal.WhiteboxImpl.doGetAllMethods(WhiteboxImpl.java:1508)
	at org.powermock.reflect.internal.WhiteboxImpl.getAllMethods(WhiteboxImpl.java:1482)
	at org.powermock.reflect.internal.WhiteboxImpl.findMethodOrThrowException(WhiteboxImpl.java:862)
	at org.powermock.reflect.internal.WhiteboxImpl.doInvokeMethod(WhiteboxImpl.java:822)
	at org.powermock.reflect.internal.WhiteboxImpl.invokeMethod(WhiteboxImpl.java:805)
	at org.powermock.reflect.Whitebox.invokeMethod(Whitebox.java:466)
	at org.powermock.modules.junit4.common.internal.impl.PowerMockJUnit4RunListener.testFinished(PowerMockJUnit4RunListener.java:55)
	at org.junit.runner.notification.SynchronizedRunListener.testFinished(SynchronizedRunListener.java:87)
	at org.junit.runner.notification.RunNotifier$9.notifyListener(RunNotifier.java:225)
	at org.junit.runner.notification.RunNotifier$SafeNotifier.run(RunNotifier.java:72)
	at org.junit.runner.notification.RunNotifier.fireTestFinished(RunNotifier.java:222)
	at org.junit.internal.runners.model.EachTestNotifier.fireTestFinished(EachTestNotifier.java:38)
	at org.junit.runners.ParentRunner.runLeaf(ParentRunner.java:372)
	at org.junit.runners.BlockJUnit4ClassRunner.runChild(BlockJUnit4ClassRunner.java:103)
	at org.junit.runners.BlockJUnit4ClassRunner.runChild(BlockJUnit4ClassRunner.java:63)
	at org.junit.runners.ParentRunner$4.run(ParentRunner.java:331)
	at org.junit.runners.ParentRunner$1.schedule(ParentRunner.java:79)
	at org.junit.runners.ParentRunner.runChildren(ParentRunner.java:329)
	at org.junit.runners.ParentRunner.access$100(ParentRunner.java:66)
	at org.junit.runners.ParentRunner$2.evaluate(ParentRunner.java:293)
	at org.junit.runners.ParentRunner$3.evaluate(ParentRunner.java:306)
	at org.junit.runners.ParentRunner.run(ParentRunner.java:413)
	at org.apache.maven.surefire.junit4.JUnit4Provider.execute(JUnit4Provider.java:316)
	at org.apache.maven.surefire.junit4.JUnit4Provider.executeWithRerun(JUnit4Provider.java:240)
	at org.apache.maven.surefire.junit4.JUnit4Provider.executeTestSet(JUnit4Provider.java:214)
	at org.apache.maven.surefire.junit4.JUnit4Provider.invoke(JUnit4Provider.java:155)
	at org.apache.maven.surefire.booter.ForkedBooter.runSuitesInProcess(ForkedBooter.java:385)
	at org.apache.maven.surefire.booter.ForkedBooter.execute(ForkedBooter.java:162)
	at org.apache.maven.surefire.booter.ForkedBooter.run(ForkedBooter.java:507)
	at org.apache.maven.surefire.booter.ForkedBooter.main(ForkedBooter.java:495)
]]></error>
  </testcase>
  <testcase name="" classname="Test mechanism" time="0.004">
    <error message="Unable to make protected native java.lang.Object java.lang.Object.clone() throws java.lang.CloneNotSupportedException accessible: module java.base does not &quot;opens java.lang&quot; to unnamed module @6bf256fa" type="java.lang.reflect.InaccessibleObjectException"><![CDATA[java.lang.reflect.InaccessibleObjectException: Unable to make protected native java.lang.Object java.lang.Object.clone() throws java.lang.CloneNotSupportedException accessible: module java.base does not "opens java.lang" to unnamed module @6bf256fa
	at java.base/java.lang.reflect.AccessibleObject.checkCanSetAccessible(AccessibleObject.java:354)
	at java.base/java.lang.reflect.AccessibleObject.checkCanSetAccessible(AccessibleObject.java:297)
	at java.base/java.lang.reflect.Method.checkCanSetAccessible(Method.java:199)
	at java.base/java.lang.reflect.Method.setAccessible(Method.java:193)
	at org.powermock.reflect.internal.WhiteboxImpl.doGetAllMethods(WhiteboxImpl.java:1508)
	at org.powermock.reflect.internal.WhiteboxImpl.getAllMethods(WhiteboxImpl.java:1482)
	at org.powermock.reflect.internal.WhiteboxImpl.findMethodOrThrowException(WhiteboxImpl.java:862)
	at org.powermock.reflect.internal.WhiteboxImpl.doInvokeMethod(WhiteboxImpl.java:822)
	at org.powermock.reflect.internal.WhiteboxImpl.invokeMethod(WhiteboxImpl.java:805)
	at org.powermock.reflect.Whitebox.invokeMethod(Whitebox.java:466)
	at org.powermock.modules.junit4.common.internal.impl.PowerMockJUnit4RunListener.testFinished(PowerMockJUnit4RunListener.java:55)
	at org.junit.runner.notification.SynchronizedRunListener.testFinished(SynchronizedRunListener.java:87)
	at org.junit.runner.notification.RunNotifier$9.notifyListener(RunNotifier.java:225)
	at org.junit.runner.notification.RunNotifier$SafeNotifier.run(RunNotifier.java:72)
	at org.junit.runner.notification.RunNotifier.fireTestFinished(RunNotifier.java:222)
	at org.junit.internal.runners.model.EachTestNotifier.fireTestFinished(EachTestNotifier.java:38)
	at org.junit.runners.ParentRunner.runLeaf(ParentRunner.java:372)
	at org.junit.runners.BlockJUnit4ClassRunner.runChild(BlockJUnit4ClassRunner.java:103)
	at org.junit.runners.BlockJUnit4ClassRunner.runChild(BlockJUnit4ClassRunner.java:63)
	at org.junit.runners.ParentRunner$4.run(ParentRunner.java:331)
	at org.junit.runners.ParentRunner$1.schedule(ParentRunner.java:79)
	at org.junit.runners.ParentRunner.runChildren(ParentRunner.java:329)
	at org.junit.runners.ParentRunner.access$100(ParentRunner.java:66)
	at org.junit.runners.ParentRunner$2.evaluate(ParentRunner.java:293)
	at org.junit.runners.ParentRunner$3.evaluate(ParentRunner.java:306)
	at org.junit.runners.ParentRunner.run(ParentRunner.java:413)
	at org.apache.maven.surefire.junit4.JUnit4Provider.execute(JUnit4Provider.java:316)
	at org.apache.maven.surefire.junit4.JUnit4Provider.executeWithRerun(JUnit4Provider.java:240)
	at org.apache.maven.surefire.junit4.JUnit4Provider.executeTestSet(JUnit4Provider.java:214)
	at org.apache.maven.surefire.junit4.JUnit4Provider.invoke(JUnit4Provider.java:155)
	at org.apache.maven.surefire.booter.ForkedBooter.runSuitesInProcess(ForkedBooter.java:385)
	at org.apache.maven.surefire.booter.ForkedBooter.execute(ForkedBooter.java:162)
	at org.apache.maven.surefire.booter.ForkedBooter.run(ForkedBooter.java:507)
	at org.apache.maven.surefire.booter.ForkedBooter.main(ForkedBooter.java:495)
]]></error>
  </testcase>
</testsuite>